<?xml version="1.0" encoding="UTF-8"?>
<coverage generated="1769457651647" clover="3.2.0">
  <project timestamp="1769457651647" name="All files">
    <metrics statements="32" coveredstatements="9" conditionals="0" coveredconditionals="0" methods="16" coveredmethods="0" elements="48" coveredelements="9" complexity="0" loc="32" ncloc="32" packages="1" files="5" classes="5"/>
    <file name="CsvExportService.ts" path="F:\logos-vision-crm\src\services\export\CsvExportService.ts">
      <metrics statements="2" coveredstatements="1" conditionals="0" coveredconditionals="0" methods="1" coveredmethods="0"/>
      <line num="8" count="2" type="stmt"/>
      <line num="11" count="0" type="stmt"/>
    </file>
    <file name="ExcelExportService.ts" path="F:\logos-vision-crm\src\services\export\ExcelExportService.ts">
      <metrics statements="2" coveredstatements="1" conditionals="0" coveredconditionals="0" methods="1" coveredmethods="0"/>
      <line num="8" count="2" type="stmt"/>
      <line num="11" count="0" type="stmt"/>
    </file>
    <file name="ExportRouter.ts" path="F:\logos-vision-crm\src\services\export\ExportRouter.ts">
      <metrics statements="24" coveredstatements="5" conditionals="0" coveredconditionals="0" methods="12" coveredmethods="0"/>
      <line num="7" count="1" type="stmt"/>
      <line num="8" count="1" type="stmt"/>
      <line num="9" count="1" type="stmt"/>
      <line num="10" count="1" type="stmt"/>
      <line num="12" count="1" type="stmt"/>
      <line num="13" count="0" type="stmt"/>
      <line num="14" count="0" type="stmt"/>
      <line num="15" count="0" type="stmt"/>
      <line num="19" count="0" type="stmt"/>
      <line num="20" count="0" type="stmt"/>
      <line num="21" count="0" type="stmt"/>
      <line num="22" count="0" type="stmt"/>
      <line num="23" count="0" type="stmt"/>
      <line num="24" count="0" type="stmt"/>
      <line num="28" count="0" type="stmt"/>
      <line num="32" count="0" type="stmt"/>
      <line num="36" count="0" type="stmt"/>
      <line num="40" count="0" type="stmt"/>
      <line num="41" count="0" type="stmt"/>
      <line num="45" count="0" type="stmt"/>
      <line num="50" count="0" type="stmt"/>
      <line num="55" count="0" type="stmt"/>
      <line num="60" count="0" type="stmt"/>
      <line num="68" count="0" type="stmt"/>
    </file>
    <file name="ImageExportService.ts" path="F:\logos-vision-crm\src\services\export\ImageExportService.ts">
      <metrics statements="2" coveredstatements="1" conditionals="0" coveredconditionals="0" methods="1" coveredmethods="0"/>
      <line num="8" count="2" type="stmt"/>
      <line num="11" count="0" type="stmt"/>
    </file>
    <file name="PdfExportService.ts" path="F:\logos-vision-crm\src\services\export\PdfExportService.ts">
      <metrics statements="2" coveredstatements="1" conditionals="0" coveredconditionals="0" methods="1" coveredmethods="0"/>
      <line num="8" count="1" type="stmt"/>
      <line num="11" count="0" type="stmt"/>
    </file>
  </project>
</coverage>
