{"F:\\logos-vision-crm\\src\\services\\export\\CsvExportService.ts": {"path":"F:\\logos-vision-crm\\src\\services\\export\\CsvExportService.ts","statementMap":{"0":{"start":{"line":11,"column":4},"end":{"line":11,"column":60}},"1":{"start":{"line":8,"column":0},"end":{"line":8,"column":13}}},"fnMap":{"0":{"name":"(anonymous_0)","decl":{"start":{"line":9,"column":2},"end":{"line":9,"column":7}},"loc":{"start":{"line":9,"column":35},"end":{"line":12,"column":3}}}},"branchMap":{},"s":{"0":0,"1":2},"f":{"0":0},"b":{}}
,"F:\\logos-vision-crm\\src\\services\\export\\ExcelExportService.ts": {"path":"F:\\logos-vision-crm\\src\\services\\export\\ExcelExportService.ts","statementMap":{"0":{"start":{"line":11,"column":4},"end":{"line":11,"column":62}},"1":{"start":{"line":8,"column":0},"end":{"line":8,"column":13}}},"fnMap":{"0":{"name":"(anonymous_0)","decl":{"start":{"line":9,"column":2},"end":{"line":9,"column":7}},"loc":{"start":{"line":9,"column":35},"end":{"line":12,"column":3}}}},"branchMap":{},"s":{"0":0,"1":2},"f":{"0":0},"b":{}}
,"F:\\logos-vision-crm\\src\\services\\export\\ExportRouter.ts": {"path":"F:\\logos-vision-crm\\src\\services\\export\\ExportRouter.ts","statementMap":{"0":{"start":{"line":7,"column":0},"end":{"line":7,"column":54}},"1":{"start":{"line":8,"column":0},"end":{"line":8,"column":58}},"2":{"start":{"line":9,"column":0},"end":{"line":9,"column":58}},"3":{"start":{"line":10,"column":0},"end":{"line":10,"column":54}},"4":{"start":{"line":13,"column":10},"end":{"line":13,"column":59}},"5":{"start":{"line":14,"column":10},"end":{"line":14,"column":44}},"6":{"start":{"line":15,"column":10},"end":{"line":15,"column":51}},"7":{"start":{"line":19,"column":4},"end":{"line":19,"column":56}},"8":{"start":{"line":20,"column":4},"end":{"line":20,"column":60}},"9":{"start":{"line":21,"column":4},"end":{"line":21,"column":56}},"10":{"start":{"line":22,"column":4},"end":{"line":22,"column":58}},"11":{"start":{"line":23,"column":4},"end":{"line":23,"column":59}},"12":{"start":{"line":24,"column":4},"end":{"line":24,"column":59}},"13":{"start":{"line":28,"column":4},"end":{"line":28,"column":39}},"14":{"start":{"line":32,"column":4},"end":{"line":32,"column":33}},"15":{"start":{"line":36,"column":4},"end":{"line":36,"column":44}},"16":{"start":{"line":40,"column":4},"end":{"line":40,"column":35}},"17":{"start":{"line":41,"column":4},"end":{"line":41,"column":60}},"18":{"start":{"line":41,"column":35},"end":{"line":41,"column":58}},"19":{"start":{"line":45,"column":4},"end":{"line":45,"column":31}},"20":{"start":{"line":50,"column":4},"end":{"line":50,"column":17}},"21":{"start":{"line":55,"column":4},"end":{"line":55,"column":63}},"22":{"start":{"line":60,"column":4},"end":{"line":60,"column":71}},"23":{"start":{"line":68,"column":4},"end":{"line":68,"column":68}},"24":{"start":{"line":12,"column":0},"end":{"line":12,"column":13}}},"fnMap":{"0":{"name":"(anonymous_0)","decl":{"start":{"line":17,"column":2},"end":{"line":17,"column":null}},"loc":{"start":{"line":17,"column":2},"end":{"line":25,"column":3}}},"1":{"name":"(anonymous_1)","decl":{"start":{"line":27,"column":2},"end":{"line":27,"column":17}},"loc":{"start":{"line":27,"column":56},"end":{"line":29,"column":3}}},"2":{"name":"(anonymous_2)","decl":{"start":{"line":31,"column":2},"end":{"line":31,"column":19}},"loc":{"start":{"line":31,"column":34},"end":{"line":33,"column":3}}},"3":{"name":"(anonymous_3)","decl":{"start":{"line":35,"column":2},"end":{"line":35,"column":23}},"loc":{"start":{"line":35,"column":23},"end":{"line":37,"column":3}}},"4":{"name":"(anonymous_4)","decl":{"start":{"line":39,"column":2},"end":{"line":39,"column":18}},"loc":{"start":{"line":39,"column":43},"end":{"line":42,"column":3}}},"5":{"name":"(anonymous_5)","decl":{"start":{"line":41,"column":25},"end":{"line":41,"column":26}},"loc":{"start":{"line":41,"column":35},"end":{"line":41,"column":58}}},"6":{"name":"(anonymous_6)","decl":{"start":{"line":44,"column":2},"end":{"line":44,"column":17}},"loc":{"start":{"line":44,"column":47},"end":{"line":46,"column":3}}},"7":{"name":"(anonymous_7)","decl":{"start":{"line":48,"column":2},"end":{"line":48,"column":7}},"loc":{"start":{"line":48,"column":48},"end":{"line":51,"column":3}}},"8":{"name":"(anonymous_8)","decl":{"start":{"line":53,"column":2},"end":{"line":53,"column":7}},"loc":{"start":{"line":53,"column":35},"end":{"line":56,"column":3}}},"9":{"name":"(anonymous_9)","decl":{"start":{"line":58,"column":2},"end":{"line":58,"column":7}},"loc":{"start":{"line":58,"column":43},"end":{"line":61,"column":3}}},"10":{"name":"(anonymous_10)","decl":{"start":{"line":63,"column":2},"end":{"line":63,"column":7}},"loc":{"start":{"line":65,"column":43},"end":{"line":69,"column":3}}},"11":{"name":"(anonymous_11)","decl":{"start":{"line":71,"column":2},"end":{"line":71,"column":9}},"loc":{"start":{"line":71,"column":97},"end":{"line":73,"column":3}}}},"branchMap":{},"s":{"0":1,"1":1,"2":1,"3":1,"4":0,"5":0,"6":0,"7":0,"8":0,"9":0,"10":0,"11":0,"12":0,"13":0,"14":0,"15":0,"16":0,"17":0,"18":0,"19":0,"20":0,"21":0,"22":0,"23":0,"24":1},"f":{"0":0,"1":0,"2":0,"3":0,"4":0,"5":0,"6":0,"7":0,"8":0,"9":0,"10":0,"11":0},"b":{}}
,"F:\\logos-vision-crm\\src\\services\\export\\ImageExportService.ts": {"path":"F:\\logos-vision-crm\\src\\services\\export\\ImageExportService.ts","statementMap":{"0":{"start":{"line":11,"column":4},"end":{"line":11,"column":62}},"1":{"start":{"line":8,"column":0},"end":{"line":8,"column":13}}},"fnMap":{"0":{"name":"(anonymous_0)","decl":{"start":{"line":9,"column":2},"end":{"line":9,"column":7}},"loc":{"start":{"line":9,"column":35},"end":{"line":12,"column":3}}}},"branchMap":{},"s":{"0":0,"1":2},"f":{"0":0},"b":{}}
,"F:\\logos-vision-crm\\src\\services\\export\\PdfExportService.ts": {"path":"F:\\logos-vision-crm\\src\\services\\export\\PdfExportService.ts","statementMap":{"0":{"start":{"line":11,"column":4},"end":{"line":11,"column":60}},"1":{"start":{"line":8,"column":0},"end":{"line":8,"column":13}}},"fnMap":{"0":{"name":"(anonymous_0)","decl":{"start":{"line":9,"column":2},"end":{"line":9,"column":7}},"loc":{"start":{"line":9,"column":35},"end":{"line":12,"column":3}}}},"branchMap":{},"s":{"0":0,"1":1},"f":{"0":0},"b":{}}
}
