TN:
SF:src\services\export\CsvExportService.ts
FN:9,(anonymous_0)
FNF:1
FNH:0
FNDA:0,(anonymous_0)
DA:8,2
DA:11,0
LF:2
LH:1
BRF:0
BRH:0
end_of_record
TN:
SF:src\services\export\ExcelExportService.ts
FN:9,(anonymous_0)
FNF:1
FNH:0
FNDA:0,(anonymous_0)
DA:8,2
DA:11,0
LF:2
LH:1
BRF:0
BRH:0
end_of_record
TN:
SF:src\services\export\ExportRouter.ts
FN:17,(anonymous_0)
FN:27,(anonymous_1)
FN:31,(anonymous_2)
FN:35,(anonymous_3)
FN:39,(anonymous_4)
FN:41,(anonymous_5)
FN:44,(anonymous_6)
FN:48,(anonymous_7)
FN:53,(anonymous_8)
FN:58,(anonymous_9)
FN:63,(anonymous_10)
FN:71,(anonymous_11)
FNF:12
FNH:0
FNDA:0,(anonymous_0)
FNDA:0,(anonymous_1)
FNDA:0,(anonymous_2)
FNDA:0,(anonymous_3)
FNDA:0,(anonymous_4)
FNDA:0,(anonymous_5)
FNDA:0,(anonymous_6)
FNDA:0,(anonymous_7)
FNDA:0,(anonymous_8)
FNDA:0,(anonymous_9)
FNDA:0,(anonymous_10)
FNDA:0,(anonymous_11)
DA:7,1
DA:8,1
DA:9,1
DA:10,1
DA:12,1
DA:13,0
DA:14,0
DA:15,0
DA:19,0
DA:20,0
DA:21,0
DA:22,0
DA:23,0
DA:24,0
DA:28,0
DA:32,0
DA:36,0
DA:40,0
DA:41,0
DA:45,0
DA:50,0
DA:55,0
DA:60,0
DA:68,0
LF:24
LH:5
BRF:0
BRH:0
end_of_record
TN:
SF:src\services\export\ImageExportService.ts
FN:9,(anonymous_0)
FNF:1
FNH:0
FNDA:0,(anonymous_0)
DA:8,2
DA:11,0
LF:2
LH:1
BRF:0
BRH:0
end_of_record
TN:
SF:src\services\export\PdfExportService.ts
FN:9,(anonymous_0)
FNF:1
FNH:0
FNDA:0,(anonymous_0)
DA:8,1
DA:11,0
LF:2
LH:1
BRF:0
BRH:0
end_of_record
